0 info it worked if it ends with ok
1 verbose cli [ '/usr/local/bin/node', '/usr/local/bin/npm', 'start' ]
2 info using npm@6.14.13
3 info using node@v12.22.3
4 verbose run-script [ 'prestart', 'start', 'poststart' ]
5 info lifecycle api-playground@1.1.0~prestart: api-playground@1.1.0
6 info lifecycle api-playground@1.1.0~start: api-playground@1.1.0
7 verbose lifecycle api-playground@1.1.0~start: unsafe-perm in lifecycle true
8 verbose lifecycle api-playground@1.1.0~start: PATH: /usr/local/lib/node_modules/npm/node_modules/npm-lifecycle/node-gyp-bin:/home/ubuntu/bestBuy/api-playground/node_modules/.bin:/home/ubuntu/.gem/bin:/home/ubuntu/.local/bin:/home/ubuntu/.gem/bin:/home/ubuntu/.local/bin:/usr/local/lib/node_modules/npm/node_modules/npm-lifecycle/node-gyp-bin:/opt/c9/packages/cs50/node_modules/.bin:/opt/cs50/bin:/opt/bin:/usr/local/sbin:/usr/local/bin:/usr/sbin:/usr/bin:/sbin:/bin:/opt/n/bin
9 verbose lifecycle api-playground@1.1.0~start: CWD: /home/ubuntu/bestBuy/api-playground
10 silly lifecycle api-playground@1.1.0~start: Args: [ '-c', 'node src/' ]
11 silly lifecycle api-playground@1.1.0~start: Returned: code: 1  signal: null
12 info lifecycle api-playground@1.1.0~start: Failed to exec start script
13 verbose stack Error: api-playground@1.1.0 start: `node src/`
13 verbose stack Exit status 1
13 verbose stack     at EventEmitter.<anonymous> (/usr/local/lib/node_modules/npm/node_modules/npm-lifecycle/index.js:332:16)
13 verbose stack     at EventEmitter.emit (events.js:314:20)
13 verbose stack     at ChildProcess.<anonymous> (/usr/local/lib/node_modules/npm/node_modules/npm-lifecycle/lib/spawn.js:55:14)
13 verbose stack     at ChildProcess.emit (events.js:314:20)
13 verbose stack     at maybeClose (internal/child_process.js:1022:16)
13 verbose stack     at Process.ChildProcess._handle.onexit (internal/child_process.js:287:5)
14 verbose pkgid api-playground@1.1.0
15 verbose cwd /home/ubuntu/bestBuy/api-playground
16 verbose Linux 4.14.238-182.421.amzn2.x86_64
17 verbose argv "/usr/local/bin/node" "/usr/local/bin/npm" "start"
18 verbose node v12.22.3
19 verbose npm  v6.14.13
20 error code ELIFECYCLE
21 error errno 1
22 error api-playground@1.1.0 start: `node src/`
22 error Exit status 1
23 error Failed at the api-playground@1.1.0 start script.
23 error This is probably not a problem with npm. There is likely additional logging output above.
24 verbose exit [ 1, true ]
